<?xml version="1.0" encoding="UTF-8"?>
<testsuite xmlns:xsi="http://www.w3.org/2001/XMLSchema-instance" xsi:noNamespaceSchemaLocation="https://maven.apache.org/surefire/maven-surefire-plugin/xsd/surefire-test-report-3.0.xsd" version="3.0" name="com.xevgnov.spring.testing.integration.ExchangeControllerWireMockH2Test" time="7.697" tests="1" errors="1" skipped="0" failures="0">
  <properties>
[...]
</properties>
  <testcase name="testGetStatisticsReturns200Status" classname="com.xevgnov.spring.testing.integration.ExchangeControllerWireMockH2Test" time="1.775">
    <error message="Error while extracting response for type [class com.xevgnov.spring.testing.dto.ExchangeStatistics] and content type [application/json]" type="org.springframework.web.client.RestClientException"><![CDATA[org.springframework.web.client.RestClientException: Error while extracting response for type [class com.xevgnov.spring.testing.dto.ExchangeStatistics] and content type [application/json]
	at org.springframework.web.client.HttpMessageConverterExtractor.extractData(HttpMessageConverterExtractor.java:119)
	at org.springframework.web.client.RestTemplate$ResponseEntityResponseExtractor.extractData(RestTemplate.java:1159)
	at org.springframework.web.client.RestTemplate$ResponseEntityResponseExtractor.extractData(RestTemplate.java:1142)
	at org.springframework.web.client.RestTemplate.doExecute(RestTemplate.java:892)
	at org.springframework.web.client.RestTemplate.execute(RestTemplate.java:790)
	at org.springframework.web.client.RestTemplate.getForEntity(RestTemplate.java:431)
	at org.springframework.boot.test.web.client.TestRestTemplate.getForEntity(TestRestTemplate.java:244)
	at com.xevgnov.spring.testing.integration.ExchangeControllerWireMockH2Test.testGetStatisticsReturns200Status(ExchangeControllerWireMockH2Test.java:83)
	at java.base/java.lang.reflect.Method.invoke(Method.java:580)
	at java.base/java.util.ArrayList.forEach(ArrayList.java:1596)
	at java.base/java.util.ArrayList.forEach(ArrayList.java:1596)
Caused by: org.springframework.http.converter.HttpMessageNotReadableException: JSON parse error: Unrecognized field "message" (class com.xevgnov.spring.testing.dto.ExchangeStatistics), not marked as ignorable
	at org.springframework.http.converter.json.AbstractJackson2HttpMessageConverter.readJavaType(AbstractJackson2HttpMessageConverter.java:406)
	at org.springframework.http.converter.json.AbstractJackson2HttpMessageConverter.read(AbstractJackson2HttpMessageConverter.java:354)
	at org.springframework.web.client.HttpMessageConverterExtractor.extractData(HttpMessageConverterExtractor.java:104)
	... 10 more
Caused by: com.fasterxml.jackson.databind.exc.UnrecognizedPropertyException: Unrecognized field "message" (class com.xevgnov.spring.testing.dto.ExchangeStatistics), not marked as ignorable (6 known properties: "currentPrice", "sellCurrency", "buyCurrency", "priceHistory", "averagePrice", "date"])
 at [Source: REDACTED (`StreamReadFeature.INCLUDE_SOURCE_IN_LOCATION` disabled); line: 1, column: 13] (through reference chain: com.xevgnov.spring.testing.dto.ExchangeStatistics["message"])
	at com.fasterxml.jackson.databind.exc.UnrecognizedPropertyException.from(UnrecognizedPropertyException.java:61)
	at com.fasterxml.jackson.databind.DeserializationContext.handleUnknownProperty(DeserializationContext.java:1153)
	at com.fasterxml.jackson.databind.deser.std.StdDeserializer.handleUnknownProperty(StdDeserializer.java:2241)
	at com.fasterxml.jackson.databind.deser.BeanDeserializerBase.handleUnknownProperty(BeanDeserializerBase.java:1793)
	at com.fasterxml.jackson.databind.deser.BeanDeserializerBase.handleUnknownVanilla(BeanDeserializerBase.java:1771)
	at com.fasterxml.jackson.databind.deser.BeanDeserializer.vanillaDeserialize(BeanDeserializer.java:316)
	at com.fasterxml.jackson.databind.deser.BeanDeserializer.deserialize(BeanDeserializer.java:177)
	at com.fasterxml.jackson.databind.deser.DefaultDeserializationContext.readRootValue(DefaultDeserializationContext.java:342)
	at com.fasterxml.jackson.databind.ObjectReader._bindAndClose(ObjectReader.java:2125)
	at com.fasterxml.jackson.databind.ObjectReader.readValue(ObjectReader.java:1501)
	at org.springframework.http.converter.json.AbstractJackson2HttpMessageConverter.readJavaType(AbstractJackson2HttpMessageConverter.java:395)
	... 12 more
]]></error>
    <system-out><![CDATA[2025-01-11T17:28:50.648+01:00  INFO 23772 --- [spring-testing] [           main] t.c.s.AnnotationConfigContextLoaderUtils : Could not detect default configuration classes for test class [com.xevgnov.spring.testing.integration.ExchangeControllerWireMockH2Test]: ExchangeControllerWireMockH2Test does not declare any static, non-private, non-final, nested classes annotated with @Configuration.
2025-01-11T17:28:50.658+01:00  INFO 23772 --- [spring-testing] [           main] .b.t.c.SpringBootTestContextBootstrapper : Found @SpringBootConfiguration com.xevgnov.spring.testing.Application for test class com.xevgnov.spring.testing.integration.ExchangeControllerWireMockH2Test

  .   ____          _            __ _ _
 /\\ / ___'_ __ _ _(_)_ __  __ _ \ \ \ \
( ( )\___ | '_ | '_| | '_ \/ _` | \ \ \ \
 \\/  ___)| |_)| | | | | || (_| |  ) ) ) )
  '  |____| .__|_| |_|_| |_\__, | / / / /
 =========|_|==============|___/=/_/_/_/

 :: Spring Boot ::                (v3.3.2)

2025-01-11T17:28:50.966+01:00  INFO 23772 --- [spring-testing] [           main] org.wiremock.spring.internal.Store       : Resolving store from context: spring-testing
2025-01-11T17:28:51.064+01:00  INFO 23772 --- [spring-testing] [           main] c.w.s.i.WireMockServerCreator wiremock   : Looking for mocks in directory wiremock\wiremock... 
2025-01-11T17:28:51.065+01:00  INFO 23772 --- [spring-testing] [           main] c.w.s.i.WireMockServerCreator wiremock   : Looking for mocks in directory stubs\wiremock... 
2025-01-11T17:28:51.065+01:00  INFO 23772 --- [spring-testing] [           main] c.w.s.i.WireMockServerCreator wiremock   : Looking for mocks in directory mappings\wiremock... 
2025-01-11T17:28:51.067+01:00  INFO 23772 --- [spring-testing] [           main] c.w.s.i.WireMockServerCreator wiremock   : Looking for mocks in directory wiremock... 
2025-01-11T17:28:51.068+01:00  INFO 23772 --- [spring-testing] [           main] c.w.s.i.WireMockServerCreator wiremock   : Looking for mocks in directory stubs... 
2025-01-11T17:28:51.068+01:00  INFO 23772 --- [spring-testing] [           main] c.w.s.i.WireMockServerCreator wiremock   : Looking for mocks in directory mappings... 
2025-01-11T17:28:51.070+01:00  INFO 23772 --- [spring-testing] [           main] c.w.s.i.WireMockServerCreator wiremock   : No mocks found under directory
2025-01-11T17:28:51.072+01:00  INFO 23772 --- [spring-testing] [           main] c.w.s.i.WireMockServerCreator wiremock   : No mocks found under classpath
2025-01-11T17:28:51.075+01:00  INFO 23772 --- [spring-testing] [           main] c.w.s.i.WireMockServerCreator wiremock   : Configuring WireMockServer with name 'wiremock' on HTTP port: 0 and HTTPS port: -1
2025-01-11T17:28:52.219+01:00  INFO 23772 --- [spring-testing] [           main] WireMock wiremock                        : Using HTTP server impl: Jetty12HttpServer
2025-01-11T17:28:52.258+01:00  INFO 23772 --- [spring-testing] [           main] org.eclipse.jetty.server.Server          : jetty-12.0.11; built: 2024-06-27T23:42:49.912Z; git: 9f90cedce372142f30c744a16a38d2c6bf634ab6; jvm 21.0.2+13-58
2025-01-11T17:28:52.313+01:00  INFO 23772 --- [spring-testing] [           main] o.e.jetty.server.handler.ContextHandler  : Started oeje10s.ServletContextHandler@75abbb61{/__admin,/__admin,b=null,a=AVAILABLE,h=oeje10s.ServletHandler@740610a2{STARTED}}
2025-01-11T17:28:52.321+01:00  WARN 23772 --- [spring-testing] [           main] o.eclipse.jetty.util.DeprecationWarning  : Using @Deprecated Class org.eclipse.jetty.ee10.servlets.CrossOriginFilter
2025-01-11T17:28:52.328+01:00  INFO 23772 --- [spring-testing] [           main] o.e.j.e.servlet.ServletContextHandler    : Started oeje10s.ServletContextHandler@75abbb61{/__admin,/__admin,b=null,a=AVAILABLE,h=oeje10s.ServletHandler@740610a2{STARTED}}
2025-01-11T17:28:52.333+01:00  INFO 23772 --- [spring-testing] [           main] o.e.jetty.server.handler.ContextHandler  : Started oeje10s.ServletContextHandler@23f4aaeb{ROOT,/,b=null,a=AVAILABLE,h=oeje10s.ServletHandler@6f914212{STARTED}}
2025-01-11T17:28:52.342+01:00  INFO 23772 --- [spring-testing] [           main] o.e.j.s.handler.ContextHandler.ROOT      : RequestHandlerClass from context returned com.github.tomakehurst.wiremock.http.StubRequestHandler. Normalized mapped under returned 'null'
2025-01-11T17:28:52.342+01:00  INFO 23772 --- [spring-testing] [           main] o.e.j.e.servlet.ServletContextHandler    : Started oeje10s.ServletContextHandler@23f4aaeb{ROOT,/,b=null,a=AVAILABLE,h=oeje10s.ServletHandler@6f914212{STARTED}}
2025-01-11T17:28:52.387+01:00  INFO 23772 --- [spring-testing] [           main] o.e.jetty.server.AbstractConnector       : Started NetworkTrafficServerConnector@77fbbb3d{HTTP/1.1, (http/1.1, h2c)}{0.0.0.0:63378}
2025-01-11T17:28:52.395+01:00  INFO 23772 --- [spring-testing] [           main] org.eclipse.jetty.server.Server          : Started oejs.Server@65977161{STARTING}[12.0.11,sto=1000] @22367ms
2025-01-11T17:28:52.396+01:00  INFO 23772 --- [spring-testing] [           main] c.w.s.i.WireMockServerCreator wiremock   : Started WireMockServer with name 'wiremock':http://localhost:63378
2025-01-11T17:28:52.397+01:00  INFO 23772 --- [spring-testing] [           main] org.wiremock.spring.internal.Store       : Resolving store from context: spring-testing
2025-01-11T17:28:52.400+01:00  INFO 23772 --- [spring-testing] [           main] c.w.s.i.WireMockServerCreator wiremock   : Adding property 'wiremock.server.baseUrl=http://localhost:63378' with HTTP base URL to Spring application context
2025-01-11T17:28:52.402+01:00  INFO 23772 --- [spring-testing] [           main] c.w.s.i.WireMockServerCreator wiremock   : Adding property 'wiremock.server.port=63378' with HTTP port to Spring application context
2025-01-11T17:28:52.427+01:00  INFO 23772 --- [spring-testing] [           main] x.s.t.i.ExchangeControllerWireMockH2Test : Starting ExchangeControllerWireMockH2Test using Java 21.0.2 with PID 23772 (started by ENovikov in C:\Users\ENovikov\Projects\spring-questions-training\16-integration-testing-with-spring\spring-testing)
2025-01-11T17:28:52.429+01:00  INFO 23772 --- [spring-testing] [           main] x.s.t.i.ExchangeControllerWireMockH2Test : No active profile set, falling back to 1 default profile: "default"
2025-01-11T17:28:53.548+01:00  INFO 23772 --- [spring-testing] [           main] .s.d.r.c.RepositoryConfigurationDelegate : Bootstrapping Spring Data JPA repositories in DEFAULT mode.
2025-01-11T17:28:53.634+01:00  INFO 23772 --- [spring-testing] [           main] .s.d.r.c.RepositoryConfigurationDelegate : Finished Spring Data repository scanning in 82 ms. Found 1 JPA repository interface.
2025-01-11T17:28:54.189+01:00  INFO 23772 --- [spring-testing] [           main] o.s.cloud.context.scope.GenericScope     : BeanFactory id=87f550ce-1ea5-3cf1-ab99-ed93b668926a
2025-01-11T17:28:54.555+01:00  INFO 23772 --- [spring-testing] [           main] o.s.b.w.embedded.tomcat.TomcatWebServer  : Tomcat initialized with port 0 (http)
2025-01-11T17:28:54.558+01:00  INFO 23772 --- [spring-testing] [           main] o.apache.catalina.core.StandardService   : Starting service [Tomcat]
2025-01-11T17:28:54.559+01:00  INFO 23772 --- [spring-testing] [           main] o.apache.catalina.core.StandardEngine    : Starting Servlet engine: [Apache Tomcat/10.1.26]
2025-01-11T17:28:54.804+01:00  INFO 23772 --- [spring-testing] [           main] o.a.c.c.C.[Tomcat-1].[localhost].[/]     : Initializing Spring embedded WebApplicationContext
2025-01-11T17:28:54.804+01:00  INFO 23772 --- [spring-testing] [           main] w.s.c.ServletWebServerApplicationContext : Root WebApplicationContext: initialization completed in 2367 ms
2025-01-11T17:28:54.892+01:00  INFO 23772 --- [spring-testing] [           main] com.zaxxer.hikari.HikariDataSource       : HikariPool-2 - Starting...
2025-01-11T17:28:54.899+01:00  INFO 23772 --- [spring-testing] [           main] com.zaxxer.hikari.pool.HikariPool        : HikariPool-2 - Added connection conn10: url=jdbc:h2:file:./h2-spring-testing-database user=ADMIN
2025-01-11T17:28:54.900+01:00  INFO 23772 --- [spring-testing] [           main] com.zaxxer.hikari.HikariDataSource       : HikariPool-2 - Start completed.
2025-01-11T17:28:54.901+01:00  INFO 23772 --- [spring-testing] [           main] o.s.b.a.h2.H2ConsoleAutoConfiguration    : H2 console available at '/h2-console'. Database available at 'jdbc:h2:file:./h2-spring-testing-database'
2025-01-11T17:28:55.092+01:00  INFO 23772 --- [spring-testing] [           main] o.hibernate.jpa.internal.util.LogHelper  : HHH000204: Processing PersistenceUnitInfo [name: default]
2025-01-11T17:28:55.109+01:00  INFO 23772 --- [spring-testing] [           main] o.h.c.internal.RegionFactoryInitiator    : HHH000026: Second-level cache disabled
2025-01-11T17:28:55.147+01:00  INFO 23772 --- [spring-testing] [           main] o.s.o.j.p.SpringPersistenceUnitInfo      : No LoadTimeWeaver setup: ignoring JPA class transformer
2025-01-11T17:28:55.443+01:00  INFO 23772 --- [spring-testing] [           main] o.h.e.t.j.p.i.JtaPlatformInitiator       : HHH000489: No JTA platform available (set 'hibernate.transaction.jta.platform' to enable JTA platform integration)
2025-01-11T17:28:55.450+01:00  INFO 23772 --- [spring-testing] [           main] j.LocalContainerEntityManagerFactoryBean : Initialized JPA EntityManagerFactory for persistence unit 'default'
2025-01-11T17:28:55.615+01:00  WARN 23772 --- [spring-testing] [           main] JpaBaseConfiguration$JpaWebConfiguration : spring.jpa.open-in-view is enabled by default. Therefore, database queries may be performed during view rendering. Explicitly configure spring.jpa.open-in-view to disable this warning
2025-01-11T17:28:56.374+01:00  INFO 23772 --- [spring-testing] [           main] o.s.b.w.embedded.tomcat.TomcatWebServer  : Tomcat started on port 63391 (http) with context path '/'
2025-01-11T17:28:56.550+01:00  INFO 23772 --- [spring-testing] [           main] x.s.t.i.ExchangeControllerWireMockH2Test : Started ExchangeControllerWireMockH2Test in 5.864 seconds (process running for 26.523)
2025-01-11T17:28:56.569+01:00  INFO 23772 --- [spring-testing] [           main] org.wiremock.spring.internal.Store       : Resolving store from context: spring-testing
2025-01-11T17:28:56.573+01:00  INFO 23772 --- [spring-testing] [           main] org.wiremock.spring.internal.Store       : Resolving store from context: spring-testing
2025-01-11T17:28:56.574+01:00  INFO 23772 --- [spring-testing] [           main] o.w.s.i.WireMockSpringJunitExtension     : Configuring WireMock for default instance, 'wiremock' on '63378'.
2025-01-11T17:28:57.411+01:00  INFO 23772 --- [spring-testing] [tp1903221272-67] o.e.j.s.handler.ContextHandler.___admin  : RequestHandlerClass from context returned com.github.tomakehurst.wiremock.http.AdminRequestHandler. Normalized mapped under returned 'null'
2025-01-11T17:28:57.472+01:00  INFO 23772 --- [spring-testing] [tp1903221272-67] WireMock wiremock                        : Admin request received:
127.0.0.1 - POST /mappings

Content-Type: [application/json]
Content-Length: [555]
Host: [localhost:63378]
Connection: [keep-alive]
User-Agent: [Apache-HttpClient/5.3.1 (Java/21.0.2)]
{
  "id" : "8683e8c3-7d1e-45e2-9100-f8ff85f810c4",
  "request" : {
    "url" : "/historical?date=2025-01-12&currencies=USD&base=EUR",
    "method" : "GET"
  },
  "response" : {
    "status" : 200,
    "body" : "{\"success\":true,\"terms\":\"terms\",\"privacy\":\"privacy\",\"timestamp\":\"2025-01-11T16:28:56.593391100Z\",\"date\":\"2025-01-11T17:28:56.5933911+01:00\",\"base\":\"EUR\",\"rates\":{\"USD\":1.0271234}}",
    "headers" : {
      "Content-Type" : "application/json"
    }
  },
  "uuid" : "8683e8c3-7d1e-45e2-9100-f8ff85f810c4"
}

2025-01-11T17:28:57.736+01:00  INFO 23772 --- [spring-testing] [o-auto-2-exec-3] o.a.c.c.C.[Tomcat-1].[localhost].[/]     : Initializing Spring DispatcherServlet 'dispatcherServlet'
2025-01-11T17:28:57.736+01:00  INFO 23772 --- [spring-testing] [o-auto-2-exec-3] o.s.web.servlet.DispatcherServlet        : Initializing Servlet 'dispatcherServlet'
2025-01-11T17:28:57.738+01:00  INFO 23772 --- [spring-testing] [o-auto-2-exec-3] o.s.web.servlet.DispatcherServlet        : Completed initialization in 1 ms
2025-01-11T17:28:57.753+01:00  INFO 23772 --- [spring-testing] [o-auto-2-exec-3] c.x.s.t.service.CurrencyServiceImpl      : About to get ExchangeRecordId(date=2025-01-11, sellCurrency=EUR, buyCurrency=USD) from database
2025-01-11T17:28:58.241+01:00  INFO 23772 --- [spring-testing] [o-auto-2-exec-3] c.x.s.t.service.CurrencyServiceImpl      : About to get ExchangeRecordId(date=2025-01-11, sellCurrency=EUR, buyCurrency=USD) from API
]]></system-out>
  </testcase>
</testsuite>