<?xml version="1.0" encoding="UTF-8"?>
<testsuite xmlns:xsi="http://www.w3.org/2001/XMLSchema-instance" xsi:noNamespaceSchemaLocation="https://maven.apache.org/surefire/maven-surefire-plugin/xsd/surefire-test-report-3.0.xsd" version="3.0" name="com.xevgnov.spring.testing.TestingApplicationTests" time="5.642" tests="1" errors="0" skipped="0" failures="0">
  <properties>
[...]
</properties>
  <testcase name="contextLoads" classname="com.xevgnov.spring.testing.TestingApplicationTests" time="0.013">
    <system-out><![CDATA[2025-01-11T17:29:06.468+01:00  INFO 23772 --- [spring-testing] [           main] t.c.s.AnnotationConfigContextLoaderUtils : Could not detect default configuration classes for test class [com.xevgnov.spring.testing.TestingApplicationTests]: TestingApplicationTests does not declare any static, non-private, non-final, nested classes annotated with @Configuration.
2025-01-11T17:29:06.518+01:00  INFO 23772 --- [spring-testing] [           main] .b.t.c.SpringBootTestContextBootstrapper : Found @SpringBootConfiguration com.xevgnov.spring.testing.Application for test class com.xevgnov.spring.testing.TestingApplicationTests

  .   ____          _            __ _ _
 /\\ / ___'_ __ _ _(_)_ __  __ _ \ \ \ \
( ( )\___ | '_ | '_| | '_ \/ _` | \ \ \ \
 \\/  ___)| |_)| | | | | || (_| |  ) ) ) )
  '  |____| .__|_| |_|_| |_\__, | / / / /
 =========|_|==============|___/=/_/_/_/

 :: Spring Boot ::                (v3.3.2)

2025-01-11T17:29:06.760+01:00  INFO 23772 --- [spring-testing] [           main] c.x.s.testing.TestingApplicationTests    : Starting TestingApplicationTests using Java 21.0.2 with PID 23772 (started by ENovikov in C:\Users\ENovikov\Projects\spring-questions-training\16-integration-testing-with-spring\spring-testing)
2025-01-11T17:29:06.761+01:00  INFO 23772 --- [spring-testing] [           main] c.x.s.testing.TestingApplicationTests    : No active profile set, falling back to 1 default profile: "default"
2025-01-11T17:29:07.867+01:00  INFO 23772 --- [spring-testing] [           main] .s.d.r.c.RepositoryConfigurationDelegate : Bootstrapping Spring Data JPA repositories in DEFAULT mode.
2025-01-11T17:29:07.924+01:00  INFO 23772 --- [spring-testing] [           main] .s.d.r.c.RepositoryConfigurationDelegate : Finished Spring Data repository scanning in 55 ms. Found 1 JPA repository interface.
2025-01-11T17:29:08.362+01:00  INFO 23772 --- [spring-testing] [           main] o.s.cloud.context.scope.GenericScope     : BeanFactory id=d87893a5-72af-3556-9123-b62dfac8906c
2025-01-11T17:29:08.778+01:00  INFO 23772 --- [spring-testing] [           main] com.zaxxer.hikari.HikariDataSource       : HikariPool-3 - Starting...
2025-01-11T17:29:08.836+01:00  INFO 23772 --- [spring-testing] [           main] com.zaxxer.hikari.pool.HikariPool        : HikariPool-3 - Added connection conn29: url=jdbc:h2:file:./h2-spring-testing-database user=ADMIN
2025-01-11T17:29:08.837+01:00  INFO 23772 --- [spring-testing] [           main] com.zaxxer.hikari.HikariDataSource       : HikariPool-3 - Start completed.
2025-01-11T17:29:09.108+01:00  INFO 23772 --- [spring-testing] [           main] o.hibernate.jpa.internal.util.LogHelper  : HHH000204: Processing PersistenceUnitInfo [name: default]
2025-01-11T17:29:09.121+01:00  INFO 23772 --- [spring-testing] [           main] o.h.c.internal.RegionFactoryInitiator    : HHH000026: Second-level cache disabled
2025-01-11T17:29:09.445+01:00  INFO 23772 --- [spring-testing] [           main] o.s.o.j.p.SpringPersistenceUnitInfo      : No LoadTimeWeaver setup: ignoring JPA class transformer
2025-01-11T17:29:09.807+01:00  INFO 23772 --- [spring-testing] [           main] o.h.e.t.j.p.i.JtaPlatformInitiator       : HHH000489: No JTA platform available (set 'hibernate.transaction.jta.platform' to enable JTA platform integration)
2025-01-11T17:29:09.814+01:00  INFO 23772 --- [spring-testing] [           main] j.LocalContainerEntityManagerFactoryBean : Initialized JPA EntityManagerFactory for persistence unit 'default'
2025-01-11T17:29:10.221+01:00  WARN 23772 --- [spring-testing] [           main] JpaBaseConfiguration$JpaWebConfiguration : spring.jpa.open-in-view is enabled by default. Therefore, database queries may be performed during view rendering. Explicitly configure spring.jpa.open-in-view to disable this warning
2025-01-11T17:29:11.647+01:00  INFO 23772 --- [spring-testing] [           main] o.s.b.a.h2.H2ConsoleAutoConfiguration    : H2 console available at '/h2-console'. Database available at 'jdbc:h2:file:./h2-spring-testing-database'
2025-01-11T17:29:12.081+01:00  INFO 23772 --- [spring-testing] [           main] c.x.s.testing.TestingApplicationTests    : Started TestingApplicationTests in 5.549 seconds (process running for 42.054)
]]></system-out>
  </testcase>
</testsuite>